<?xml version="1.0" encoding="utf-8"?><testsuites name="pytest tests"><testsuite name="pytest" errors="0" failures="1" skipped="0" tests="7" time="4.006" timestamp="2026-09-22T07:32:28.167067+00:00" hostname="agent-env-25fb7c3b-001b-447a-a81f-283a11783707"><testcase classname="tests.test_tryon_favorites" name="test_generate_has_side_and_rear_file_ids" time="2.685" /><testcase classname="tests.test_tryon_favorites" name="test_side_and_rear_files_retrievable" time="0.592" /><testcase classname="tests.test_tryon_favorites" name="test_favorite_first_call_creates_pixel_avatar" time="0.401" /><testcase classname="tests.test_tryon_favorites" name="test_favorite_second_call_is_idempotent" time="0.065" /><testcase classname="tests.test_tryon_favorites" name="test_favorites_list_contains_session" time="0.067" /><testcase classname="tests.test_tryon_favorites" name="test_pixel_avatar_auto_generated_flag" time="0.062" /><testcase classname="tests.test_tryon_favorites" name="test_unfavorite_removes_from_favorites" time="0.068"><failure message="AssertionError: assert None is False&#10; +  where None = &lt;built-in method get of dict object at 0xfd634bd34780&gt;('is_favorite')&#10; +    where &lt;built-in method get of dict object at 0xfd634bd34780&gt; = {'ok': True}.get">backend/tests/test_tryon_favorites.py:118: in test_unfavorite_removes_from_favorites
    assert d.get("is_favorite") is False
E   AssertionError: assert None is False
E    +  where None = &lt;built-in method get of dict object at 0xfd634bd34780&gt;('is_favorite')
E    +    where &lt;built-in method get of dict object at 0xfd634bd34780&gt; = {'ok': True}.get</failure></testcase></testsuite></testsuites>