<?xml version="1.0" encoding="utf-8"?><testsuites name="pytest tests"><testsuite name="pytest" errors="0" failures="0" skipped="0" tests="16" time="6.355" timestamp="2026-09-21T13:18:46.091419+00:00" hostname="agent-env-25fb7c3b-001b-447a-a81f-283a11783707"><testcase classname="tests.backend_test" name="test_health_reports_storage_and_hf" time="0.277" /><testcase classname="tests.backend_test" name="test_tryon_mock_creates_session_and_files" time="1.249" /><testcase classname="tests.backend_test" name="test_get_file_owner_ok" time="0.256" /><testcase classname="tests.backend_test" name="test_get_file_other_user_forbidden" time="0.539" /><testcase classname="tests.backend_test" name="test_get_file_admin_forbidden" time="0.472" /><testcase classname="tests.backend_test" name="test_get_file_unauthenticated" time="0.190" /><testcase classname="tests.backend_test" name="test_tryon_hf_adapter_success_or_fallback" time="0.818" /><testcase classname="tests.backend_test" name="test_import_json_valid" time="0.097" /><testcase classname="tests.backend_test" name="test_import_json_non_admin_forbidden" time="0.067" /><testcase classname="tests.backend_test" name="test_import_json_invalid_payload" time="0.076" /><testcase classname="tests.backend_test" name="test_import_url_lazada_honest_failure" time="1.204" /><testcase classname="tests.backend_test" name="test_import_url_wikipedia_or_generic" time="0.194" /><testcase classname="tests.backend_test" name="test_import_jobs_list" time="0.089" /><testcase classname="tests.backend_test" name="test_export_json_anonymised" time="0.090" /><testcase classname="tests.backend_test" name="test_export_csv_headers" time="0.090" /><testcase classname="tests.backend_test" name="test_export_non_admin_forbidden" time="0.109" /></testsuite></testsuites>